Android/my_DaydreamController/build/outputs/logs/manifest-merger-debug-report.txt
-- Merging decision tree log ---
manifest
ADDED from src\main\AndroidManifest.xml:2:1-82:12
	package
		ADDED from src\main\AndroidManifest.xml:3:11-38
		INJECTED from src\main\AndroidManifest.xml
		INJECTED from src\main\AndroidManifest.xml
	android:versionName
		ADDED from src\main\AndroidManifest.xml:6:11-36
		INJECTED from src\main\AndroidManifest.xml
		INJECTED from src\main\AndroidManifest.xml
	android:versionCode
		ADDED from src\main\AndroidManifest.xml:5:11-34
		INJECTED from src\main\AndroidManifest.xml
		INJECTED from src\main\AndroidManifest.xml
	xmlns:android
		ADDED from src\main\AndroidManifest.xml:2:11-69
	android:installLocation
		ADDED from src\main\AndroidManifest.xml:4:11-51
uses-permission#android.permission.BLUETOOTH
ADDED from src\main\AndroidManifest.xml:8:5-67
	android:name
		ADDED from src\main\AndroidManifest.xml:8:22-65
uses-permission#android.permission.BLUETOOTH_ADMIN
ADDED from src\main\AndroidManifest.xml:9:5-73
	android:name
		ADDED from src\main\AndroidManifest.xml:9:22-71
supports-screens
ADDED from src\main\AndroidManifest.xml:11:5-16:39
	android:largeScreens
		ADDED from src\main\AndroidManifest.xml:13:9-36
	android:smallScreens
		ADDED from src\main\AndroidManifest.xml:15:9-36
	android:normalScreens
		ADDED from src\main\AndroidManifest.xml:14:9-37
	android:xlargeScreens
		ADDED from src\main\AndroidManifest.xml:16:9-37
	android:anyDensity
		ADDED from src\main\AndroidManifest.xml:12:9-34
application
ADDED from src\main\AndroidManifest.xml:17:5-56:19
MERGED from [Android:gvrpermissionsupportrelease:unspecified] AndroidManifest.xml:11:5-27:19
	android:label
		ADDED from src\main\AndroidManifest.xml:22:9-41
	android:supportsRtl
		ADDED from [Android:gvrpermissionsupportrelease:unspecified] AndroidManifest.xml:14:9-35
	android:debuggable
		ADDED from src\main\AndroidManifest.xml:19:9-35
	android:icon
		ADDED from src\main\AndroidManifest.xml:20:9-42
	android:allowBackup
		ADDED from [Android:gvrpermissionsupportrelease:unspecified] AndroidManifest.xml:12:9-35
	android:banner
		ADDED from src\main\AndroidManifest.xml:18:9-46
	android:theme
		ADDED from src\main\AndroidManifest.xml:23:9-47
	android:isGame
		ADDED from src\main\AndroidManifest.xml:21:9-30
activity#com.Szmygt.app.vr.UnityPlayerActivity
ADDED from src\main\AndroidManifest.xml:24:9-50:20
	android:screenOrientation
		ADDED from src\main\AndroidManifest.xml:31:13-50
	android:enableVrMode
		ADDED from src\main\AndroidManifest.xml:27:13-65
	android:label
		ADDED from src\main\AndroidManifest.xml:28:13-45
	android:launchMode
		ADDED from src\main\AndroidManifest.xml:29:13-44
	android:resizeableActivity
		ADDED from src\main\AndroidManifest.xml:30:13-47
	android:configChanges
		ADDED from src\main\AndroidManifest.xml:26:13-170
	android:name
		ADDED from src\main\AndroidManifest.xml:25:13-65
intent-filter#android.intent.action.MAIN+android.intent.category.LAUNCHER+android.intent.category.LEANBACK_LAUNCHER+com.google.intent.category.CARDBOARD+com.google.intent.category.DAYDREAM
ADDED from src\main\AndroidManifest.xml:32:13-39:29
action#android.intent.action.MAIN
ADDED from src\main\AndroidManifest.xml:33:17-68
	android:name
		ADDED from src\main\AndroidManifest.xml:33:25-66
category#android.intent.category.LAUNCHER
ADDED from src\main\AndroidManifest.xml:35:17-76
	android:name
		ADDED from src\main\AndroidManifest.xml:35:27-74
category#android.intent.category.LEANBACK_LAUNCHER
ADDED from src\main\AndroidManifest.xml:36:17-85
	android:name
		ADDED from src\main\AndroidManifest.xml:36:27-83
category#com.google.intent.category.CARDBOARD
ADDED from src\main\AndroidManifest.xml:37:17-80
	android:name
		ADDED from src\main\AndroidManifest.xml:37:27-78
category#com.google.intent.category.DAYDREAM
ADDED from src\main\AndroidManifest.xml:38:17-79
	android:name
		ADDED from src\main\AndroidManifest.xml:38:27-77
meta-data#unityplayer.UnityActivity
ADDED from src\main\AndroidManifest.xml:41:13-43:39
	android:value
		ADDED from src\main\AndroidManifest.xml:43:17-37
	android:name
		ADDED from src\main\AndroidManifest.xml:42:17-57
meta-data#com.google.android.vr.icon
ADDED from src\main\AndroidManifest.xml:44:13-46:61
	android:resource
		ADDED from src\main\AndroidManifest.xml:46:17-59
	android:name
		ADDED from src\main\AndroidManifest.xml:45:17-58
meta-data#com.google.android.vr.icon_background
ADDED from src\main\AndroidManifest.xml:47:13-49:60
	android:resource
		ADDED from src\main\AndroidManifest.xml:49:17-58
	android:name
		ADDED from src\main\AndroidManifest.xml:48:17-69
meta-data#unityplayer.SkipPermissionsDialog
ADDED from src\main\AndroidManifest.xml:51:9-53:35
	android:value
		ADDED from src\main\AndroidManifest.xml:53:13-33
	android:name
		ADDED from src\main\AndroidManifest.xml:52:13-61
service#com.Szmygt.app.vr.ble.BluetoothLeService
ADDED from src\main\AndroidManifest.xml:55:9-58
	android:name
		ADDED from src\main\AndroidManifest.xml:55:18-56
uses-sdk
ADDED from src\main\AndroidManifest.xml:57:5-59:40
MERGED from [Android:gvr:unspecified] AndroidManifest.xml:5:5-7:41
MERGED from [Android:gvrpermissionsupportrelease:unspecified] AndroidManifest.xml:7:5-9:41
	android:targetSdkVersion
		ADDED from src\main\AndroidManifest.xml:59:9-38
		INJECTED from src\main\AndroidManifest.xml
		INJECTED from src\main\AndroidManifest.xml
	android:minSdkVersion
		ADDED from src\main\AndroidManifest.xml:58:9-35
		INJECTED from src\main\AndroidManifest.xml
		INJECTED from src\main\AndroidManifest.xml
uses-feature#0x00020000
ADDED from src\main\AndroidManifest.xml:60:5-53
	android:glEsVersion
		ADDED from src\main\AndroidManifest.xml:60:19-51
supports-gl-texture#GL_OES_compressed_ETC1_RGB8_texture
ADDED from src\main\AndroidManifest.xml:61:5-78
	android:name
		ADDED from src\main\AndroidManifest.xml:61:26-76
uses-feature#android.software.vr.mode
ADDED from src\main\AndroidManifest.xml:63:5-65:35
	android:required
		ADDED from src\main\AndroidManifest.xml:65:9-33
	android:name
		ADDED from src\main\AndroidManifest.xml:64:9-48
uses-feature#android.hardware.vr.high_performance
ADDED from src\main\AndroidManifest.xml:66:5-68:35
	android:required
		ADDED from src\main\AndroidManifest.xml:68:9-33
	android:name
		ADDED from src\main\AndroidManifest.xml:67:9-60
uses-permission#android.permission.READ_EXTERNAL_STORAGE
ADDED from src\main\AndroidManifest.xml:70:5-79
	android:name
		ADDED from src\main\AndroidManifest.xml:70:22-77
uses-permission#android.permission.INTERNET
ADDED from src\main\AndroidManifest.xml:71:5-66
	android:name
		ADDED from src\main\AndroidManifest.xml:71:22-64
uses-feature#android.hardware.touchscreen
ADDED from src\main\AndroidManifest.xml:73:5-75:35
	android:required
		ADDED from src\main\AndroidManifest.xml:75:9-33
	android:name
		ADDED from src\main\AndroidManifest.xml:74:9-52
uses-feature#android.hardware.touchscreen.multitouch
ADDED from src\main\AndroidManifest.xml:76:5-78:35
	android:required
		ADDED from src\main\AndroidManifest.xml:78:9-33
	android:name
		ADDED from src\main\AndroidManifest.xml:77:9-63
uses-feature#android.hardware.touchscreen.multitouch.distinct
ADDED from src\main\AndroidManifest.xml:79:5-81:35
	android:required
		ADDED from src\main\AndroidManifest.xml:81:9-33
	android:name
		ADDED from src\main\AndroidManifest.xml:80:9-72
activity#com.google.gvr.permissionsupport.TransitionVRActivity
ADDED from [Android:gvrpermissionsupportrelease:unspecified] AndroidManifest.xml:17:9-26:20
	android:enableVrMode
		ADDED from [Android:gvrpermissionsupportrelease:unspecified] AndroidManifest.xml:20:13-106
	android:label
		ADDED from [Android:gvrpermissionsupportrelease:unspecified] AndroidManifest.xml:21:13-45
	android:configChanges
		ADDED from [Android:gvrpermissionsupportrelease:unspecified] AndroidManifest.xml:19:13-59
	android:name
		ADDED from [Android:gvrpermissionsupportrelease:unspecified] AndroidManifest.xml:18:13-81
intent-filter#android.intent.category.LAUNCHER+com.google.intent.category.DAYDREAM
ADDED from [Android:gvrpermissionsupportrelease:unspecified] AndroidManifest.xml:22:13-25:29